ziroom/build/outputs/logs/manifest-merger-release-report.txt
-- Merging decision tree log ---
manifest
ADDED from src\main\AndroidManifest.xml:1:1-8:12
INJECTED from src\main\AndroidManifest.xml:1:1-8:12
INJECTED from src\main\AndroidManifest.xml:1:1-8:12
INJECTED from src\main\AndroidManifest.xml:1:1-8:12
MERGED from [com.koushikdutta.async:androidasync:2.2.1] AndroidManifest.xml:2:1-16:12
INJECTED from src\main\AndroidManifest.xml:1:1-8:12
INJECTED from src\main\AndroidManifest.xml:1:1-8:12
INJECTED from src\main\AndroidManifest.xml:1:1-8:12
	package
		ADDED from src\main\AndroidManifest.xml:2:5-32
		INJECTED from src\main\AndroidManifest.xml
		INJECTED from src\main\AndroidManifest.xml
	android:versionName
		INJECTED from src\main\AndroidManifest.xml
		ADDED from src\main\AndroidManifest.xml:1:1-8:12
		INJECTED from src\main\AndroidManifest.xml
	android:versionCode
		INJECTED from src\main\AndroidManifest.xml
		ADDED from src\main\AndroidManifest.xml:1:1-8:12
		INJECTED from src\main\AndroidManifest.xml
	xmlns:android
		ADDED from src\main\AndroidManifest.xml:1:11-69
application
ADDED from src\main\AndroidManifest.xml:4:5-7:38
MERGED from [com.koushikdutta.async:androidasync:2.2.1] AndroidManifest.xml:13:5-14:19
MERGED from [com.koushikdutta.async:androidasync:2.2.1] AndroidManifest.xml:13:5-14:19
	android:supportsRtl
		ADDED from src\main\AndroidManifest.xml:7:9-35
	android:label
		ADDED from src\main\AndroidManifest.xml:6:9-41
	android:allowBackup
		ADDED from src\main\AndroidManifest.xml:5:9-35
uses-sdk
INJECTED from src\main\AndroidManifest.xml reason: use-sdk injection requested
INJECTED from src\main\AndroidManifest.xml
INJECTED from src\main\AndroidManifest.xml
MERGED from [com.koushikdutta.async:androidasync:2.2.1] AndroidManifest.xml:7:5-9:41
MERGED from [com.koushikdutta.async:androidasync:2.2.1] AndroidManifest.xml:7:5-9:41
INJECTED from src\main\AndroidManifest.xml
INJECTED from src\main\AndroidManifest.xml
	android:targetSdkVersion
		INJECTED from src\main\AndroidManifest.xml
		ADDED from src\main\AndroidManifest.xml
		INJECTED from src\main\AndroidManifest.xml
	android:minSdkVersion
		INJECTED from src\main\AndroidManifest.xml
		ADDED from src\main\AndroidManifest.xml
		INJECTED from src\main\AndroidManifest.xml
uses-permission#android.permission.INTERNET
ADDED from [com.koushikdutta.async:androidasync:2.2.1] AndroidManifest.xml:11:5-67
	android:name
		ADDED from [com.koushikdutta.async:androidasync:2.2.1] AndroidManifest.xml:11:22-64